生成启动时间为 2023/9/16 11:28:25。
     1>项目“D:\study\遥感分析地学\1-平台介绍\Bsqview原型\BsqView.vcxproj”在节点 2 上(build 个目标)。
     1>InitializeBuildStatus:
         正在创建“.\Debug\BsqView.unsuccessfulbuild”，因为已指定“AlwaysCreate”。
       ClCompile:
         所有输出均为最新。
         所有输出均为最新。
       ResourceCompile:
         所有输出均为最新。
       ManifestResourceCompile:
         所有输出均为最新。
       Link:
         所有输出均为最新。
       Manifest:
         所有输出均为最新。
         所有输出均为最新。
       BscMake:
         所有输出均为最新。
       FinalizeBuildStatus:
         正在删除文件“.\Debug\BsqView.unsuccessfulbuild”。
         正在对“.\Debug\BsqView.lastbuildstate”执行 Touch 任务。
     1>已完成生成项目“D:\study\遥感分析地学\1-平台介绍\Bsqview原型\BsqView.vcxproj”(build 个目标)的操作。

生成成功。

已用时间 00:00:00.07
